Starting preprocessing of the model file ...
Found 5 equation(s).
Evaluating expressions...done
Computing static model derivatives (order 1).
Computing dynamic model derivatives (order 3).
Processing outputs ...
done
Preprocessing completed.

STEADY-STATE RESULTS:

LC 		 0.458365
LK 		 2.90314
LZ 		 0
LY 		 0.71161
LH 		 -0.521126

MODEL SUMMARY

  Number of variables:         5
  Number of stochastic shocks: 1
  Number of state variables:   2
  Number of jumpers:           3
  Number of static variables:  1


MATRIX OF COVARIANCE OF EXOGENOUS SHOCKS
Variables     epsilon
epsilon      1.000000

Total computing time : 0h00m03s
